<?xml version="1.0" encoding="UTF-8"?>
<!-- Generated by org.testng.reporters.JUnitReportReporter -->
<testsuite hostname="Rahul07" name="com.qa.NewZealandSite.LoginModule" tests="1" failures="0" timestamp="21 Aug 2018 19:16:07 GMT" time="8.814" errors="0">
  <testcase name="Login" time="8.814" classname="com.qa.NewZealandSite.LoginModule"/>
</testsuite>
